259.261 446.552 290.825 441.531 0
290.825 441.531 321.428 431.671 0
321.428 431.671 349.869 419.945 0
349.869 419.945 378.469 409.032 0
378.469 409.032 411.572 391.246 0
411.572 391.246 391.7 414.034 0
391.7 414.034 427.427 408.008 0
427.427 408.008 457.955 406.144 0
457.955 406.144 490.159 387.952 0
490.159 387.952 525.499 378.358 0
525.499 378.358 557.408 385.268 0
557.408 385.268 587.479 383.943 0
587.479 383.943 620.002 379.455 0
620.002 379.455 657.545 371.358 0
657.545 371.358 689.509 373.245 0
689.509 373.245 703.996 399.621 0
703.996 399.621 736.619 403.568 0
736.619 403.568 772.678 382.176 0
772.678 382.176 774.46 415.018 0
774.46 415.018 804.485 408.782 0
804.485 408.782 835.11 399.609 0
835.11 399.609 864.745 390.436 0
864.745 390.436 849.839 417.041 0
849.839 417.041 891.283 403.583 0
891.283 403.583 931.682 389.131 0
931.682 389.131 918.657 418.351 0
605.233 663.478 567.252 647.97 4
761.496 436.225 793.144 420.206 8
658.814 626.136 603.071 619.352 17
603.071 619.352 564.777 615.843 17
672.143 429.69 703.526 433.36 18
411.656 547.931 380.657 544.457 24
758.823 673.274 727.893 665.522 26
727.893 665.522 665.291 656.143 26
463.415 430.26 496.533 420.916 28
294.703 620.063 265.756 612.006 31
243.12 607.32 210.879 599.131 36
210.879 599.131 174.696 589.091 36
174.696 589.091 132.998 581.535 36
503.941 671.072 438.311 653.821 39
217.624 561.938 184.744 553.172 47
545.881 644.006 513.104 634.941 60
392.215 470.426 435.727 443.129 68
